[2025-10-23 00:09:47] === 🧪 FIRST TASK EXPERIMENT - Enhanced Version ===
[2025-10-23 00:09:47] === STEP 0: Verifica Nodi Attivi ===
[2025-10-23 00:09:48] SUCCESS: Nodo su porta 8001 è online
[2025-10-23 00:09:48] SUCCESS: Nodo su porta 8002 è online
[2025-10-23 00:09:48] SUCCESS: Nodo su porta 8003 è online
[2025-10-23 00:09:48] INFO: Attendo 15 secondi per stabilizzazione rete...
[2025-10-23 00:10:03] === STEP 1: Capture Node IDs ===
[2025-10-23 00:10:03] SUCCESS: Nodo 1 (Creator): JkN-5D2qxGet881U...
[2025-10-23 00:10:03] SUCCESS: Nodo 2 (Contributor): JkN-5D2qxGet881U...
[2025-10-23 00:10:03] SUCCESS: Nodo 3 (Observer): JkN-5D2qxGet881U...
[2025-10-23 00:10:03] === STEP 2: Verifica Balance Iniziali ===
[2025-10-23 00:10:03] === STEP 3: Crea Task con Reward (Nodo 1 = Creator) ===
[2025-10-23 00:10:03] SUCCESS: Task creato: e2afe4c1-119a-41...
[2025-10-23 00:10:03] METRIC: Tempo creazione task: 41ms
[2025-10-23 00:10:03] === STEP 4: Verifica Balance Frozen (Creator) ===
[2025-10-23 00:10:13] SUCCESS: 10 SP correttamente congelati
[2025-10-23 00:10:13] SUCCESS: ✅ CHECKPOINT 1: Tutti i nodi concordano sul balance frozen
[2025-10-23 00:10:13] METRIC: Tempo propagazione task creation: 10208ms
[2025-10-23 00:10:13] === STEP 5: Claim Task (Nodo 2 = Contributor) ===
[2025-10-23 00:10:13] SUCCESS: Task visibile su Nodo 2
[2025-10-23 00:10:13] SUCCESS: Task claimed dal Nodo 2
[2025-10-23 00:10:13] METRIC: Tempo operazione claim: 34ms
[2025-10-23 00:10:13] INFO: Attendo 10s per propagazione claim...
[2025-10-23 00:10:23] SUCCESS: ✅ CHECKPOINT 2: Tutti i nodi concordano su status=claimed
[2025-10-23 00:10:23] METRIC: Tempo propagazione claim: 10072ms
[2025-10-23 00:10:23] === STEP 6: Progress e Complete Task (Nodo 2) ===
[2025-10-23 00:10:23] SUCCESS: Task in progress
[2025-10-23 00:10:28] SUCCESS: Task completato
[2025-10-23 00:10:28] METRIC: Tempo operazione complete: 47ms
[2025-10-23 00:10:28] INFO: Attendo 15s per propagazione complete e calcolo balance...
[2025-10-23 00:10:43] === STEP 7: Verifica Transfer SP e Reputazione ===
[2025-10-23 00:10:44] METRIC: Tempo propagazione complete: 15074ms
[2025-10-23 00:10:44] === 📊 RISULTATI FINALI ===
[2025-10-23 00:10:44] SUCCESS: Creator ha pagato 10 SP
[2025-10-23 00:10:44] ERROR: Contributor delta non corretto: -10 (expected: 9-10)
[2025-10-23 00:10:44] ERROR: Reputazione non aumentata: 0 (expected: ≥10)
[2025-10-23 00:10:44] SUCCESS: Consenso raggiunto su tutti i nodi
[2025-10-23 00:10:44] === ❌ ESPERIMENTO FALLITO ===
[2025-10-23 00:10:44] ERROR: Il sistema richiede debug
[2025-10-23 00:10:44] === 📈 ANALISI METRICHE ===
[2025-10-23 00:10:44] SUCCESS: 📊 Metriche salvate in: metrics_20251023_000947.json
[2025-10-23 00:10:44] SUCCESS: 📝 Log salvato in: experiment_20251023_000947.log
