[2025-10-23 00:18:05] === 🧪 FIRST TASK EXPERIMENT - Enhanced Version ===
[2025-10-23 00:18:05] === STEP 0: Verifica Nodi Attivi ===
[2025-10-23 00:18:05] SUCCESS: Nodo su porta 8001 è online
[2025-10-23 00:18:05] SUCCESS: Nodo su porta 8002 è online
[2025-10-23 00:18:05] SUCCESS: Nodo su porta 8003 è online
[2025-10-23 00:18:05] INFO: Attendo 15 secondi per stabilizzazione rete...
[2025-10-23 00:18:20] === STEP 1: Capture Node IDs ===
[2025-10-23 00:18:20] SUCCESS: Nodo 1 (Creator): JkN-5D2qxGet881U...
[2025-10-23 00:18:20] SUCCESS: Nodo 2 (Contributor): OmHIcFIjwHYas_Fv...
[2025-10-23 00:18:20] SUCCESS: Nodo 3 (Observer): U8ttU5tMbo9pwAfM...
[2025-10-23 00:18:20] === STEP 2: Verifica Balance Iniziali ===
[2025-10-23 00:18:20] === STEP 3: Crea Task con Reward (Nodo 1 = Creator) ===
[2025-10-23 00:18:20] SUCCESS: Task creato: 12b64a97-aef9-43...
[2025-10-23 00:18:20] METRIC: Tempo creazione task: 55ms
[2025-10-23 00:18:20] === STEP 4: Verifica Balance Frozen (Creator) ===
[2025-10-23 00:18:35] SUCCESS: 10 SP correttamente congelati
[2025-10-23 00:18:35] SUCCESS: ✅ CHECKPOINT 1: Tutti i nodi concordano sul balance frozen
[2025-10-23 00:18:35] METRIC: Tempo propagazione task creation: 15251ms
[2025-10-23 00:18:35] === STEP 5: Claim Task (Nodo 2 = Contributor) ===
[2025-10-23 00:18:35] SUCCESS: Task visibile su Nodo 2
[2025-10-23 00:18:36] SUCCESS: Task claimed dal Nodo 2
[2025-10-23 00:18:36] METRIC: Tempo operazione claim: 45ms
[2025-10-23 00:18:36] INFO: Attendo 15s per propagazione claim...
[2025-10-23 00:18:51] SUCCESS: ✅ CHECKPOINT 2: Tutti i nodi concordano su status=claimed
[2025-10-23 00:18:51] METRIC: Tempo propagazione claim: 15080ms
[2025-10-23 00:18:51] === STEP 6: Progress e Complete Task (Nodo 2) ===
[2025-10-23 00:18:51] SUCCESS: Task in progress
[2025-10-23 00:18:56] SUCCESS: Task completato
[2025-10-23 00:18:56] METRIC: Tempo operazione complete: 50ms
[2025-10-23 00:18:56] INFO: Attendo 15s per propagazione complete e calcolo balance...
[2025-10-23 00:19:11] === STEP 7: Verifica Transfer SP e Reputazione ===
[2025-10-23 00:19:11] METRIC: Tempo propagazione complete: 15085ms
[2025-10-23 00:19:11] === 📊 RISULTATI FINALI ===
[2025-10-23 00:19:11] SUCCESS: Creator ha pagato 10 SP
[2025-10-23 00:19:11] SUCCESS: Contributor ha ricevuto ~10 SP (meno tassa)
[2025-10-23 00:19:11] ERROR: Reputazione non aumentata: 0 (expected: ≥10)
[2025-10-23 00:19:11] SUCCESS: Consenso raggiunto su tutti i nodi
[2025-10-23 00:19:11] === ❌ ESPERIMENTO FALLITO ===
[2025-10-23 00:19:11] ERROR: Il sistema richiede debug
[2025-10-23 00:19:11] === 📈 ANALISI METRICHE ===
[2025-10-23 00:19:11] SUCCESS: 📊 Metriche salvate in: metrics_20251023_001805.json
[2025-10-23 00:19:11] SUCCESS: 📝 Log salvato in: experiment_20251023_001805.log
