[2025-10-23 00:25:31] === 🧪 FIRST TASK EXPERIMENT - Enhanced Version ===
[2025-10-23 00:25:31] === STEP 0: Verifica Nodi Attivi ===
[2025-10-23 00:25:31] SUCCESS: Nodo su porta 8001 è online
[2025-10-23 00:25:31] SUCCESS: Nodo su porta 8002 è online
[2025-10-23 00:25:31] SUCCESS: Nodo su porta 8003 è online
[2025-10-23 00:25:31] INFO: Attendo 15 secondi per stabilizzazione rete...
[2025-10-23 00:25:46] === STEP 1: Capture Node IDs ===
[2025-10-23 00:25:46] SUCCESS: Nodo 1 (Creator): JkN-5D2qxGet881U...
[2025-10-23 00:25:46] SUCCESS: Nodo 2 (Contributor): OmHIcFIjwHYas_Fv...
[2025-10-23 00:25:46] SUCCESS: Nodo 3 (Observer): U8ttU5tMbo9pwAfM...
[2025-10-23 00:25:46] === STEP 2: Verifica Balance Iniziali ===
[2025-10-23 00:25:46] === STEP 3: Crea Task con Reward (Nodo 1 = Creator) ===
[2025-10-23 00:25:46] SUCCESS: Task creato: 5f075c00-cf7c-45...
[2025-10-23 00:25:46] METRIC: Tempo creazione task: 52ms
[2025-10-23 00:25:46] === STEP 4: Verifica Balance Frozen (Creator) ===
[2025-10-23 00:26:02] SUCCESS: 10 SP correttamente congelati
[2025-10-23 00:26:02] SUCCESS: ✅ CHECKPOINT 1: Tutti i nodi concordano sul balance frozen
[2025-10-23 00:26:02] METRIC: Tempo propagazione task creation: 15208ms
[2025-10-23 00:26:02] === STEP 5: Claim Task (Nodo 2 = Contributor) ===
[2025-10-23 00:26:02] SUCCESS: Task visibile su Nodo 2
[2025-10-23 00:26:02] SUCCESS: Task claimed dal Nodo 2
[2025-10-23 00:26:02] METRIC: Tempo operazione claim: 37ms
[2025-10-23 00:26:02] INFO: Attendo 15s per propagazione claim...
[2025-10-23 00:26:17] SUCCESS: ✅ CHECKPOINT 2: Tutti i nodi concordano su status=claimed
[2025-10-23 00:26:17] METRIC: Tempo propagazione claim: 15071ms
[2025-10-23 00:26:17] === STEP 6: Progress e Complete Task (Nodo 2) ===
[2025-10-23 00:26:17] SUCCESS: Task in progress
[2025-10-23 00:26:22] SUCCESS: Task completato
[2025-10-23 00:26:22] METRIC: Tempo operazione complete: 53ms
[2025-10-23 00:26:22] INFO: Attendo 15s per propagazione complete e calcolo balance...
[2025-10-23 00:26:37] === STEP 7: Verifica Transfer SP e Reputazione ===
[2025-10-23 00:26:37] METRIC: Tempo propagazione complete: 15066ms
[2025-10-23 00:26:37] === 📊 RISULTATI FINALI ===
[2025-10-23 00:26:37] SUCCESS: Creator ha pagato 10 SP
[2025-10-23 00:26:37] SUCCESS: Contributor ha ricevuto ~10 SP (meno tassa)
[2025-10-23 00:26:37] SUCCESS: Contributor ha guadagnato reputazione (+10)
[2025-10-23 00:26:37] SUCCESS: Consenso raggiunto su tutti i nodi
[2025-10-23 00:26:37] === 🎉 ESPERIMENTO RIUSCITO! ===
[2025-10-23 00:26:37] SUCCESS: ✅ CHECKPOINT 3: Transfer e reputazione verificati
[2025-10-23 00:26:37] === 📈 ANALISI METRICHE ===
[2025-10-23 00:26:37] SUCCESS: 📊 Metriche salvate in: metrics_20251023_002531.json
[2025-10-23 00:26:37] SUCCESS: 📝 Log salvato in: experiment_20251023_002531.log
